{"/Users/prasanna/Documents/CAPILLARY TECH/node-TDD-CHAPTER-1/src/const.js": {"path":"/Users/prasanna/Documents/CAPILLARY TECH/node-TDD-CHAPTER-1/src/const.js","statementMap":{"0":{"start":{"line":1,"column":18},"end":{"line":8,"column":1}},"1":{"start":{"line":9,"column":0},"end":{"line":9,"column":27}}},"fnMap":{},"branchMap":{},"s":{"0":2,"1":2},"f":{},"b":{},"_coverageSchema":"1a1c01bbd47fc00a2c39e90264f33305004495a9","hash":"d4695302af8121a8025e10d35f9d59552a554b52"}
,"/Users/prasanna/Documents/CAPILLARY TECH/node-TDD-CHAPTER-1/src/mapper/calculator.js": {"path":"/Users/prasanna/Documents/CAPILLARY TECH/node-TDD-CHAPTER-1/src/mapper/calculator.js","statementMap":{"0":{"start":{"line":1,"column":18},"end":{"line":1,"column":37}},"1":{"start":{"line":5,"column":2},"end":{"line":5,"column":22}},"2":{"start":{"line":6,"column":2},"end":{"line":28,"column":3}},"3":{"start":{"line":8,"column":6},"end":{"line":10,"column":9}},"4":{"start":{"line":9,"column":8},"end":{"line":9,"column":27}},"5":{"start":{"line":13,"column":6},"end":{"line":15,"column":9}},"6":{"start":{"line":14,"column":8},"end":{"line":14,"column":27}},"7":{"start":{"line":18,"column":6},"end":{"line":20,"column":9}},"8":{"start":{"line":19,"column":8},"end":{"line":19,"column":27}},"9":{"start":{"line":23,"column":6},"end":{"line":23,"column":35}},"10":{"start":{"line":26,"column":6},"end":{"line":26,"column":33}},"11":{"start":{"line":27,"column":6},"end":{"line":27,"column":12}},"12":{"start":{"line":31,"column":0},"end":{"line":31,"column":28}}},"fnMap":{"0":{"name":"calculator","decl":{"start":{"line":4,"column":9},"end":{"line":4,"column":19}},"loc":{"start":{"line":4,"column":42},"end":{"line":29,"column":1}},"line":4},"1":{"name":"(anonymous_1)","decl":{"start":{"line":8,"column":27},"end":{"line":8,"column":28}},"loc":{"start":{"line":8,"column":43},"end":{"line":10,"column":7}},"line":8},"2":{"name":"(anonymous_2)","decl":{"start":{"line":13,"column":27},"end":{"line":13,"column":28}},"loc":{"start":{"line":13,"column":43},"end":{"line":15,"column":7}},"line":13},"3":{"name":"(anonymous_3)","decl":{"start":{"line":18,"column":27},"end":{"line":18,"column":28}},"loc":{"start":{"line":18,"column":43},"end":{"line":20,"column":7}},"line":18}},"branchMap":{"0":{"loc":{"start":{"line":6,"column":2},"end":{"line":28,"column":3}},"type":"switch","locations":[{"start":{"line":7,"column":4},"end":{"line":11,"column":5}},{"start":{"line":12,"column":4},"end":{"line":16,"column":5}},{"start":{"line":17,"column":4},"end":{"line":21,"column":5}},{"start":{"line":22,"column":4},"end":{"line":24,"column":5}},{"start":{"line":25,"column":4},"end":{"line":27,"column":12}}],"line":6}},"s":{"0":2,"1":9,"2":9,"3":2,"4":2,"5":2,"6":2,"7":3,"8":5,"9":2,"10":0,"11":0,"12":2},"f":{"0":9,"1":2,"2":2,"3":5},"b":{"0":[2,2,3,2,0]},"_coverageSchema":"1a1c01bbd47fc00a2c39e90264f33305004495a9","hash":"00245346da12b108fe995ef114f6fb0de8ff2e21"}
,"/Users/prasanna/Documents/CAPILLARY TECH/node-TDD-CHAPTER-1/src/routes/custom.routes.js": {"path":"/Users/prasanna/Documents/CAPILLARY TECH/node-TDD-CHAPTER-1/src/routes/custom.routes.js","statementMap":{"0":{"start":{"line":1,"column":16},"end":{"line":1,"column":34}},"1":{"start":{"line":2,"column":19},"end":{"line":2,"column":50}},"2":{"start":{"line":3,"column":15},"end":{"line":3,"column":31}},"3":{"start":{"line":5,"column":0},"end":{"line":11,"column":3}},"4":{"start":{"line":6,"column":20},"end":{"line":6,"column":39}},"5":{"start":{"line":7,"column":19},"end":{"line":7,"column":45}},"6":{"start":{"line":8,"column":19},"end":{"line":8,"column":45}},"7":{"start":{"line":9,"column":17},"end":{"line":9,"column":58}},"8":{"start":{"line":10,"column":2},"end":{"line":10,"column":46}},"9":{"start":{"line":13,"column":0},"end":{"line":13,"column":24}}},"fnMap":{"0":{"name":"(anonymous_0)","decl":{"start":{"line":5,"column":26},"end":{"line":5,"column":27}},"loc":{"start":{"line":5,"column":46},"end":{"line":11,"column":1}},"line":5}},"branchMap":{},"s":{"0":1,"1":1,"2":1,"3":1,"4":4,"5":4,"6":4,"7":4,"8":4,"9":1},"f":{"0":4},"b":{},"_coverageSchema":"1a1c01bbd47fc00a2c39e90264f33305004495a9","hash":"90eb0fdf388e32ac1afd05fab7adb30caca25c51"}
}
