TN:
SF:src/const.js
FNF:0
FNH:0
DA:1,2
DA:9,2
LF:2
LH:2
BRF:0
BRH:0
end_of_record
TN:
SF:src/mapper/calculator.js
FN:4,calculator
FN:8,(anonymous_1)
FN:13,(anonymous_2)
FN:18,(anonymous_3)
FNF:4
FNH:4
FNDA:9,calculator
FNDA:2,(anonymous_1)
FNDA:2,(anonymous_2)
FNDA:5,(anonymous_3)
DA:1,2
DA:5,9
DA:6,9
DA:8,2
DA:9,2
DA:13,2
DA:14,2
DA:18,3
DA:19,5
DA:23,2
DA:26,0
DA:27,0
DA:31,2
LF:13
LH:11
BRDA:6,0,0,2
BRDA:6,0,1,2
BRDA:6,0,2,3
BRDA:6,0,3,2
BRDA:6,0,4,0
BRF:5
BRH:4
end_of_record
TN:
SF:src/routes/custom.routes.js
FN:5,(anonymous_0)
FNF:1
FNH:1
FNDA:4,(anonymous_0)
DA:1,1
DA:2,1
DA:3,1
DA:5,1
DA:6,4
DA:7,4
DA:8,4
DA:9,4
DA:10,4
DA:13,1
LF:10
LH:10
BRF:0
BRH:0
end_of_record
